This is pdfTeX, Version 3.1415926-2.5-1.40.14 (MiKTeX 2.9 64-bit) (preloaded format=latex 2014.8.25)  7 JUL 2015 22:24
entering extended mode
**traballo.tex
(C:\Users\usuario\Documents\GitHub\JDataMotion\doc\mem\traballo.tex
LaTeX2e <2011/06/27>
Babel <v3.8m> and hyphenation patterns for english, afrikaans, ancientgreek, ar
abic, armenian, assamese, basque, bengali, bokmal, bulgarian, catalan, coptic, 
croatian, czech, danish, dutch, esperanto, estonian, farsi, finnish, french, ga
lician, german, german-x-2013-05-26, greek, gujarati, hindi, hungarian, iceland
ic, indonesian, interlingua, irish, italian, kannada, kurmanji, latin, latvian,
 lithuanian, malayalam, marathi, mongolian, mongolianlmc, monogreek, ngerman, n
german-x-2013-05-26, nynorsk, oriya, panjabi, pinyin, polish, portuguese, roman
ian, russian, sanskrit, serbian, slovak, slovenian, spanish, swedish, swissgerm
an, tamil, telugu, turkish, turkmen, ukenglish, ukrainian, uppersorbian, usengl
ishmax, welsh, loaded.
("C:\Program Files\MiKTeX 2.9\tex\latex\base\book.cls"
Document Class: book 2007/10/19 v1.4h Standard LaTeX document class
("C:\Program Files\MiKTeX 2.9\tex\latex\base\bk12.clo"
File: bk12.clo 2007/10/19 v1.4h Standard LaTeX file (size option)
)
\c@part=\count79
\c@chapter=\count80
\c@section=\count81
\c@subsection=\count82
\c@subsubsection=\count83
\c@paragraph=\count84
\c@subparagraph=\count85
\c@figure=\count86
\c@table=\count87
\abovecaptionskip=\skip41
\belowcaptionskip=\skip42
\bibindent=\dimen102
)
("C:\Program Files\MiKTeX 2.9\tex\latex\base\inputenc.sty"
Package: inputenc 2008/03/30 v1.1d Input encoding file
\inpenc@prehook=\toks14
\inpenc@posthook=\toks15

("C:\Program Files\MiKTeX 2.9\tex\latex\base\utf8.def"
File: utf8.def 2008/04/05 v1.1m UTF-8 support for inputenc
Now handling font encoding OML ...
... no UTF-8 mapping file for font encoding OML
Now handling font encoding T1 ...
... processing UTF-8 mapping file for font encoding T1

("C:\Program Files\MiKTeX 2.9\tex\latex\base\t1enc.dfu"
File: t1enc.dfu 2008/04/05 v1.1m UTF-8 support for inputenc
   defining Unicode char U+00A1 (decimal 161)
   defining Unicode char U+00A3 (decimal 163)
   defining Unicode char U+00AB (decimal 171)
   defining Unicode char U+00BB (decimal 187)
   defining Unicode char U+00BF (decimal 191)
   defining Unicode char U+00C0 (decimal 192)
   defining Unicode char U+00C1 (decimal 193)
   defining Unicode char U+00C2 (decimal 194)
   defining Unicode char U+00C3 (decimal 195)
   defining Unicode char U+00C4 (decimal 196)
   defining Unicode char U+00C5 (decimal 197)
   defining Unicode char U+00C6 (decimal 198)
   defining Unicode char U+00C7 (decimal 199)
   defining Unicode char U+00C8 (decimal 200)
   defining Unicode char U+00C9 (decimal 201)
   defining Unicode char U+00CA (decimal 202)
   defining Unicode char U+00CB (decimal 203)
   defining Unicode char U+00CC (decimal 204)
   defining Unicode char U+00CD (decimal 205)
   defining Unicode char U+00CE (decimal 206)
   defining Unicode char U+00CF (decimal 207)
   defining Unicode char U+00D0 (decimal 208)
   defining Unicode char U+00D1 (decimal 209)
   defining Unicode char U+00D2 (decimal 210)
   defining Unicode char U+00D3 (decimal 211)
   defining Unicode char U+00D4 (decimal 212)
   defining Unicode char U+00D5 (decimal 213)
   defining Unicode char U+00D6 (decimal 214)
   defining Unicode char U+00D8 (decimal 216)
   defining Unicode char U+00D9 (decimal 217)
   defining Unicode char U+00DA (decimal 218)
   defining Unicode char U+00DB (decimal 219)
   defining Unicode char U+00DC (decimal 220)
   defining Unicode char U+00DD (decimal 221)
   defining Unicode char U+00DE (decimal 222)
   defining Unicode char U+00DF (decimal 223)
   defining Unicode char U+00E0 (decimal 224)
   defining Unicode char U+00E1 (decimal 225)
   defining Unicode char U+00E2 (decimal 226)
   defining Unicode char U+00E3 (decimal 227)
   defining Unicode char U+00E4 (decimal 228)
   defining Unicode char U+00E5 (decimal 229)
   defining Unicode char U+00E6 (decimal 230)
   defining Unicode char U+00E7 (decimal 231)
   defining Unicode char U+00E8 (decimal 232)
   defining Unicode char U+00E9 (decimal 233)
   defining Unicode char U+00EA (decimal 234)
   defining Unicode char U+00EB (decimal 235)
   defining Unicode char U+00EC (decimal 236)
   defining Unicode char U+00ED (decimal 237)
   defining Unicode char U+00EE (decimal 238)
   defining Unicode char U+00EF (decimal 239)
   defining Unicode char U+00F0 (decimal 240)
   defining Unicode char U+00F1 (decimal 241)
   defining Unicode char U+00F2 (decimal 242)
   defining Unicode char U+00F3 (decimal 243)
   defining Unicode char U+00F4 (decimal 244)
   defining Unicode char U+00F5 (decimal 245)
   defining Unicode char U+00F6 (decimal 246)
   defining Unicode char U+00F8 (decimal 248)
   defining Unicode char U+00F9 (decimal 249)
   defining Unicode char U+00FA (decimal 250)
   defining Unicode char U+00FB (decimal 251)
   defining Unicode char U+00FC (decimal 252)
   defining Unicode char U+00FD (decimal 253)
   defining Unicode char U+00FE (decimal 254)
   defining Unicode char U+00FF (decimal 255)
   defining Unicode char U+0102 (decimal 258)
   defining Unicode char U+0103 (decimal 259)
   defining Unicode char U+0104 (decimal 260)
   defining Unicode char U+0105 (decimal 261)
   defining Unicode char U+0106 (decimal 262)
   defining Unicode char U+0107 (decimal 263)
   defining Unicode char U+010C (decimal 268)
   defining Unicode char U+010D (decimal 269)
   defining Unicode char U+010E (decimal 270)
   defining Unicode char U+010F (decimal 271)
   defining Unicode char U+0110 (decimal 272)
   defining Unicode char U+0111 (decimal 273)
   defining Unicode char U+0118 (decimal 280)
   defining Unicode char U+0119 (decimal 281)
   defining Unicode char U+011A (decimal 282)
   defining Unicode char U+011B (decimal 283)
   defining Unicode char U+011E (decimal 286)
   defining Unicode char U+011F (decimal 287)
   defining Unicode char U+0130 (decimal 304)
   defining Unicode char U+0131 (decimal 305)
   defining Unicode char U+0132 (decimal 306)
   defining Unicode char U+0133 (decimal 307)
   defining Unicode char U+0139 (decimal 313)
   defining Unicode char U+013A (decimal 314)
   defining Unicode char U+013D (decimal 317)
   defining Unicode char U+013E (decimal 318)
   defining Unicode char U+0141 (decimal 321)
   defining Unicode char U+0142 (decimal 322)
   defining Unicode char U+0143 (decimal 323)
   defining Unicode char U+0144 (decimal 324)
   defining Unicode char U+0147 (decimal 327)
   defining Unicode char U+0148 (decimal 328)
   defining Unicode char U+014A (decimal 330)
   defining Unicode char U+014B (decimal 331)
   defining Unicode char U+0150 (decimal 336)
   defining Unicode char U+0151 (decimal 337)
   defining Unicode char U+0152 (decimal 338)
   defining Unicode char U+0153 (decimal 339)
   defining Unicode char U+0154 (decimal 340)
   defining Unicode char U+0155 (decimal 341)
   defining Unicode char U+0158 (decimal 344)
   defining Unicode char U+0159 (decimal 345)
   defining Unicode char U+015A (decimal 346)
   defining Unicode char U+015B (decimal 347)
   defining Unicode char U+015E (decimal 350)
   defining Unicode char U+015F (decimal 351)
   defining Unicode char U+0160 (decimal 352)
   defining Unicode char U+0161 (decimal 353)
   defining Unicode char U+0162 (decimal 354)
   defining Unicode char U+0163 (decimal 355)
   defining Unicode char U+0164 (decimal 356)
   defining Unicode char U+0165 (decimal 357)
   defining Unicode char U+016E (decimal 366)
   defining Unicode char U+016F (decimal 367)
   defining Unicode char U+0170 (decimal 368)
   defining Unicode char U+0171 (decimal 369)
   defining Unicode char U+0178 (decimal 376)
   defining Unicode char U+0179 (decimal 377)
   defining Unicode char U+017A (decimal 378)
   defining Unicode char U+017B (decimal 379)
   defining Unicode char U+017C (decimal 380)
   defining Unicode char U+017D (decimal 381)
   defining Unicode char U+017E (decimal 382)
   defining Unicode char U+200C (decimal 8204)
   defining Unicode char U+2013 (decimal 8211)
   defining Unicode char U+2014 (decimal 8212)
   defining Unicode char U+2018 (decimal 8216)
   defining Unicode char U+2019 (decimal 8217)
   defining Unicode char U+201A (decimal 8218)
   defining Unicode char U+201C (decimal 8220)
   defining Unicode char U+201D (decimal 8221)
   defining Unicode char U+201E (decimal 8222)
   defining Unicode char U+2030 (decimal 8240)
   defining Unicode char U+2031 (decimal 8241)
   defining Unicode char U+2039 (decimal 8249)
   defining Unicode char U+203A (decimal 8250)
   defining Unicode char U+2423 (decimal 9251)
)
Now handling font encoding OT1 ...
... processing UTF-8 mapping file for font encoding OT1

("C:\Program Files\MiKTeX 2.9\tex\latex\base\ot1enc.dfu"
File: ot1enc.dfu 2008/04/05 v1.1m UTF-8 support for inputenc
   defining Unicode char U+00A1 (decimal 161)
   defining Unicode char U+00A3 (decimal 163)
   defining Unicode char U+00B8 (decimal 184)
   defining Unicode char U+00BF (decimal 191)
   defining Unicode char U+00C5 (decimal 197)
   defining Unicode char U+00C6 (decimal 198)
   defining Unicode char U+00D8 (decimal 216)
   defining Unicode char U+00DF (decimal 223)
   defining Unicode char U+00E6 (decimal 230)
   defining Unicode char U+00EC (decimal 236)
   defining Unicode char U+00ED (decimal 237)
   defining Unicode char U+00EE (decimal 238)
   defining Unicode char U+00EF (decimal 239)
   defining Unicode char U+00F8 (decimal 248)
   defining Unicode char U+0131 (decimal 305)
   defining Unicode char U+0141 (decimal 321)
   defining Unicode char U+0142 (decimal 322)
   defining Unicode char U+0152 (decimal 338)
   defining Unicode char U+0153 (decimal 339)
   defining Unicode char U+2013 (decimal 8211)
   defining Unicode char U+2014 (decimal 8212)
   defining Unicode char U+2018 (decimal 8216)
   defining Unicode char U+2019 (decimal 8217)
   defining Unicode char U+201C (decimal 8220)
   defining Unicode char U+201D (decimal 8221)
)
Now handling font encoding OMS ...
... processing UTF-8 mapping file for font encoding OMS

("C:\Program Files\MiKTeX 2.9\tex\latex\base\omsenc.dfu"
File: omsenc.dfu 2008/04/05 v1.1m UTF-8 support for inputenc
   defining Unicode char U+00A7 (decimal 167)
   defining Unicode char U+00B6 (decimal 182)
   defining Unicode char U+00B7 (decimal 183)
   defining Unicode char U+2020 (decimal 8224)
   defining Unicode char U+2021 (decimal 8225)
   defining Unicode char U+2022 (decimal 8226)
)
Now handling font encoding OMX ...
... no UTF-8 mapping file for font encoding OMX
Now handling font encoding U ...
... no UTF-8 mapping file for font encoding U
   defining Unicode char U+00A9 (decimal 169)
   defining Unicode char U+00AA (decimal 170)
   defining Unicode char U+00AE (decimal 174)
   defining Unicode char U+00BA (decimal 186)
   defining Unicode char U+02C6 (decimal 710)
   defining Unicode char U+02DC (decimal 732)
   defining Unicode char U+200C (decimal 8204)
   defining Unicode char U+2026 (decimal 8230)
   defining Unicode char U+2122 (decimal 8482)
   defining Unicode char U+2423 (decimal 9251)
))
("C:\Program Files\MiKTeX 2.9\tex\generic\babel\babel.sty"
Package: babel 2008/07/08 v3.8m The Babel package

*************************************
* Local config file bblopts.cfg used
*
("C:\Program Files\MiKTeX 2.9\tex\latex\00miktex\bblopts.cfg"
File: bblopts.cfg 2006/07/31 v1.0 MiKTeX 'babel' configuration
)
("C:\Program Files\MiKTeX 2.9\tex\generic\babel\galician.ldf"
Language: galician.ldf 2008/07/06 v4.3c Galician support from the babel system

("C:\Program Files\MiKTeX 2.9\tex\generic\babel\babel.def"
File: babel.def 2008/07/08 v3.8m Babel common definitions
\babel@savecnt=\count88
\U@D=\dimen103
)
\gl@quottoks=\toks16
\gl@quotdepth=\count89
Package babel Info: Making . an active character on input line 533.
Package babel Info: Making " an active character on input line 564.
Package babel Info: Making < an active character on input line 656.
Package babel Info: Making > an active character on input line 657.
))
("C:\Program Files\MiKTeX 2.9\tex\latex\graphics\graphicx.sty"
Package: graphicx 1999/02/16 v1.0f Enhanced LaTeX Graphics (DPC,SPQR)

("C:\Program Files\MiKTeX 2.9\tex\latex\graphics\keyval.sty"
Package: keyval 1999/03/16 v1.13 key=value parser (DPC)
\KV@toks@=\toks17
)
("C:\Program Files\MiKTeX 2.9\tex\latex\graphics\graphics.sty"
Package: graphics 2009/02/05 v1.0o Standard LaTeX Graphics (DPC,SPQR)

("C:\Program Files\MiKTeX 2.9\tex\latex\graphics\trig.sty"
Package: trig 1999/03/16 v1.09 sin cos tan (DPC)
)
("C:\Program Files\MiKTeX 2.9\tex\latex\00miktex\graphics.cfg"
File: graphics.cfg 2007/01/18 v1.5 graphics configuration of teTeX/TeXLive
)
Package graphics Info: Driver file: dvips.def on input line 91.

("C:\Program Files\MiKTeX 2.9\tex\latex\graphics\dvips.def"
File: dvips.def 1999/02/16 v3.0i Driver-dependant file (DPC,SPQR)
))
\Gin@req@height=\dimen104
\Gin@req@width=\dimen105
)
("C:\Program Files\MiKTeX 2.9\tex\latex\graphics\epsfig.sty"
Package: epsfig 1999/02/16 v1.7a (e)psfig emulation (SPQR)
\epsfxsize=\dimen106
\epsfysize=\dimen107
)
("C:\Program Files\MiKTeX 2.9\tex\latex\amsfonts\amssymb.sty"
Package: amssymb 2013/01/14 v3.01 AMS font symbols

("C:\Program Files\MiKTeX 2.9\tex\latex\amsfonts\amsfonts.sty"
Package: amsfonts 2013/01/14 v3.01 Basic AMSFonts support
\@emptytoks=\toks18
\symAMSa=\mathgroup4
\symAMSb=\mathgroup5
LaTeX Font Info:    Overwriting math alphabet `\mathfrak' in version `bold'
(Font)                  U/euf/m/n --> U/euf/b/n on input line 106.
))
("C:\Program Files\MiKTeX 2.9\tex\latex\eurosym\eurosym.sty"
Package: eurosym 1998/08/06 v1.1 European currency symbol ``Euro''
\@eurobox=\box26
)
("C:\Program Files\MiKTeX 2.9\tex\latex\float\float.sty"
Package: float 2001/11/08 v1.3d Float enhancements (AL)
\c@float@type=\count90
\float@exts=\toks19
\float@box=\box27
\@float@everytoks=\toks20
\@floatcapt=\box28
)
("C:\Program Files\MiKTeX 2.9\tex\latex\base\latexsym.sty"
Package: latexsym 1998/08/17 v2.2e Standard LaTeX package (lasy symbols)
\symlasy=\mathgroup6
LaTeX Font Info:    Overwriting symbol font `lasy' in version `bold'
(Font)                  U/lasy/m/n --> U/lasy/b/n on input line 47.
)
(C:\Users\usuario\Documents\GitHub\JDataMotion\doc\mem\a4.sty
Package: a4 2004/04/15 v1.2g A4 based page layout
)
("C:\Program Files\MiKTeX 2.9\tex\latex\listings\listings.sty"
\lst@mode=\count91
\lst@gtempboxa=\box29
\lst@token=\toks21
\lst@length=\count92
\lst@currlwidth=\dimen108
\lst@column=\count93
\lst@pos=\count94
\lst@lostspace=\dimen109
\lst@width=\dimen110
\lst@newlines=\count95
\lst@lineno=\count96
\lst@maxwidth=\dimen111

("C:\Program Files\MiKTeX 2.9\tex\latex\listings\lstmisc.sty"
File: lstmisc.sty 2014/03/04 1.5c (Carsten Heinz)
\c@lstnumber=\count97
\lst@skipnumbers=\count98
\lst@framebox=\box30
)
("C:\Program Files\MiKTeX 2.9\tex\latex\listings\listings.cfg"
File: listings.cfg 2014/03/04 1.5c listings configuration
))
Package: listings 2014/03/04 1.5c (Carsten Heinz)

("C:\Program Files\MiKTeX 2.9\tex\latex\paralist\paralist.sty"
Package: paralist 2013/06/09 v2.4 Extended list environments
\pltopsep=\skip43
\plpartopsep=\skip44
\plitemsep=\skip45
\plparsep=\skip46
\pl@lab=\toks22
)
("C:\Program Files\MiKTeX 2.9\tex\latex\ltxmisc\parskip.sty"
Package: parskip 2001/04/09 non-zero parskip adjustments
)
("C:\Program Files\MiKTeX 2.9\tex\latex\enumitem\enumitem.sty"
Package: enumitem 2011/09/28 v3.5.2 Customized lists
\labelindent=\skip47
\enit@outerparindent=\dimen112
\enit@toks=\toks23
\enit@inbox=\box31
\enitdp@description=\count99
)
("C:\Program Files\MiKTeX 2.9\tex\latex\hyperref\hyperref.sty"
Package: hyperref 2012/11/06 v6.83m Hypertext links for LaTeX

("C:\Program Files\MiKTeX 2.9\tex\generic\oberdiek\hobsub-hyperref.sty"
Package: hobsub-hyperref 2012/04/25 v1.12 Bundle oberdiek, subset hyperref (HO)


("C:\Program Files\MiKTeX 2.9\tex\generic\oberdiek\hobsub-generic.sty"
Package: hobsub-generic 2012/04/25 v1.12 Bundle oberdiek, subset generic (HO)
Package: hobsub 2012/04/25 v1.12 Construct package bundles (HO)
Package: infwarerr 2010/04/08 v1.3 Providing info/warning/error messages (HO)
Package: ltxcmds 2011/11/09 v1.22 LaTeX kernel commands for general use (HO)
Package: ifluatex 2010/03/01 v1.3 Provides the ifluatex switch (HO)
Package ifluatex Info: LuaTeX not detected.
Package: ifvtex 2010/03/01 v1.5 Detect VTeX and its facilities (HO)
Package ifvtex Info: VTeX not detected.
Package: intcalc 2007/09/27 v1.1 Expandable calculations with integers (HO)
Package: ifpdf 2011/01/30 v2.3 Provides the ifpdf switch (HO)
Package ifpdf Info: pdfTeX in PDF mode is not detected.
Package: etexcmds 2011/02/16 v1.5 Avoid name clashes with e-TeX commands (HO)
Package etexcmds Info: Could not find \expanded.
(etexcmds)             That can mean that you are not using pdfTeX 1.50 or
(etexcmds)             that some package has redefined \expanded.
(etexcmds)             In the latter case, load this package earlier.
Package: kvsetkeys 2012/04/25 v1.16 Key value parser (HO)
Package: kvdefinekeys 2011/04/07 v1.3 Define keys (HO)
Package: pdftexcmds 2011/11/29 v0.20 Utility functions of pdfTeX for LuaTeX (HO
)
Package pdftexcmds Info: LuaTeX not detected.
Package pdftexcmds Info: \pdf@primitive is available.
Package pdftexcmds Info: \pdf@ifprimitive is available.
Package pdftexcmds Info: \pdfdraftmode is ignored in DVI mode.
Package: pdfescape 2011/11/25 v1.13 Implements pdfTeX's escape features (HO)
Package: bigintcalc 2012/04/08 v1.3 Expandable calculations on big integers (HO
)
Package: bitset 2011/01/30 v1.1 Handle bit-vector datatype (HO)
Package: uniquecounter 2011/01/30 v1.2 Provide unlimited unique counter (HO)
)
Package hobsub Info: Skipping package `hobsub' (already loaded).
Package: letltxmacro 2010/09/02 v1.4 Let assignment for LaTeX macros (HO)
Package: hopatch 2011/06/24 v1.1 Wrapper for package hooks (HO)
Package: xcolor-patch 2011/01/30 xcolor patch
Package: atveryend 2011/06/30 v1.8 Hooks at the very end of document (HO)
Package atveryend Info: \enddocument detected (standard20110627).
Package: atbegshi 2011/10/05 v1.16 At begin shipout hook (HO)
Package: refcount 2011/10/16 v3.4 Data extraction from label references (HO)
Package: hycolor 2011/01/30 v1.7 Color options for hyperref/bookmark (HO)
)
("C:\Program Files\MiKTeX 2.9\tex\generic\ifxetex\ifxetex.sty"
Package: ifxetex 2010/09/12 v0.6 Provides ifxetex conditional
)
("C:\Program Files\MiKTeX 2.9\tex\latex\oberdiek\auxhook.sty"
Package: auxhook 2011/03/04 v1.3 Hooks for auxiliary files (HO)
)
("C:\Program Files\MiKTeX 2.9\tex\latex\oberdiek\kvoptions.sty"
Package: kvoptions 2011/06/30 v3.11 Key value format for package options (HO)
)
\@linkdim=\dimen113
\Hy@linkcounter=\count100
\Hy@pagecounter=\count101

("C:\Program Files\MiKTeX 2.9\tex\latex\hyperref\pd1enc.def"
File: pd1enc.def 2012/11/06 v6.83m Hyperref: PDFDocEncoding definition (HO)
Now handling font encoding PD1 ...
... no UTF-8 mapping file for font encoding PD1
)
\Hy@SavedSpaceFactor=\count102

("C:\Program Files\MiKTeX 2.9\tex\latex\00miktex\hyperref.cfg"
File: hyperref.cfg 2002/06/06 v1.2 hyperref configuration of TeXLive
)
Package hyperref Info: Hyper figures OFF on input line 4443.
Package hyperref Info: Link nesting OFF on input line 4448.
Package hyperref Info: Hyper index ON on input line 4451.
Package hyperref Info: Plain pages OFF on input line 4458.
Package hyperref Info: Backreferencing OFF on input line 4463.
Package hyperref Info: Implicit mode ON; LaTeX internals redefined.
Package hyperref Info: Bookmarks ON on input line 4688.
\c@Hy@tempcnt=\count103

("C:\Program Files\MiKTeX 2.9\tex\latex\url\url.sty"
\Urlmuskip=\muskip10
Package: url 2013/09/16  ver 3.4  Verb mode for urls, etc.
)
LaTeX Info: Redefining \url on input line 5041.
\XeTeXLinkMargin=\dimen114
\Fld@menulength=\count104
\Field@Width=\dimen115
\Fld@charsize=\dimen116
Package hyperref Info: Hyper figures OFF on input line 6295.
Package hyperref Info: Link nesting OFF on input line 6300.
Package hyperref Info: Hyper index ON on input line 6303.
Package hyperref Info: backreferencing OFF on input line 6310.
Package hyperref Info: Link coloring OFF on input line 6315.
Package hyperref Info: Link coloring with OCG OFF on input line 6320.
Package hyperref Info: PDF/A mode OFF on input line 6325.
LaTeX Info: Redefining \ref on input line 6365.
LaTeX Info: Redefining \pageref on input line 6369.
\Hy@abspage=\count105
\c@Item=\count106
\c@Hfootnote=\count107
)

Package hyperref Message: Driver (default): hdvips.

("C:\Program Files\MiKTeX 2.9\tex\latex\hyperref\hdvips.def"
File: hdvips.def 2012/11/06 v6.83m Hyperref driver for dvips

("C:\Program Files\MiKTeX 2.9\tex\latex\hyperref\pdfmark.def"
File: pdfmark.def 2012/11/06 v6.83m Hyperref definitions for pdfmark specials
\pdf@docset=\toks24
\pdf@box=\box32
\pdf@toks=\toks25
\pdf@defaulttoks=\toks26
\HyField@AnnotCount=\count108
\Fld@listcount=\count109
\c@bookmark@seq@number=\count110

("C:\Program Files\MiKTeX 2.9\tex\latex\oberdiek\rerunfilecheck.sty"
Package: rerunfilecheck 2011/04/15 v1.7 Rerun checks for auxiliary files (HO)
Package uniquecounter Info: New unique counter `rerunfilecheck' on input line 2
82.
)
\Hy@SectionHShift=\skip48
))
Package hyperref Info: Option `colorlinks' set `true' on input line 36.

(C:\Users\usuario\Documents\GitHub\JDataMotion\doc\mem\traballo.aux
(C:\Users\usuario\Documents\GitHub\JDataMotion\doc\mem\capitulos/titulo.aux)
(C:\Users\usuario\Documents\GitHub\JDataMotion\doc\mem\capitulos/certificacion.
aux)
(C:\Users\usuario\Documents\GitHub\JDataMotion\doc\mem\capitulos/introducion.au
x) (C:\Users\usuario\Documents\GitHub\JDataMotion\doc\mem\capitulos/cap2.aux)
(C:\Users\usuario\Documents\GitHub\JDataMotion\doc\mem\capitulos/cap3.aux)
(C:\Users\usuario\Documents\GitHub\JDataMotion\doc\mem\capitulos/cap4.aux)
(C:\Users\usuario\Documents\GitHub\JDataMotion\doc\mem\capitulos/exemplos.aux)
(C:\Users\usuario\Documents\GitHub\JDataMotion\doc\mem\capitulos/conclusions.au
x)
(C:\Users\usuario\Documents\GitHub\JDataMotion\doc\mem\capitulos/apendicea.aux)
(C:\Users\usuario\Documents\GitHub\JDataMotion\doc\mem\capitulos/apendiceb.aux)
(C:\Users\usuario\Documents\GitHub\JDataMotion\doc\mem\capitulos/licenza.aux)
(C:\Users\usuario\Documents\GitHub\JDataMotion\doc\mem\capitulos/bibliografia.a
ux

LaTeX Warning: Label `arff' multiply defined.

) (C:\Users\usuario\Documents\GitHub\JDataMotion\doc\mem\capitulos/glosario.aux
))
LaTeX Font Info:    Checking defaults for OML/cmm/m/it on input line 40.
LaTeX Font Info:    ... okay on input line 40.
LaTeX Font Info:    Checking defaults for T1/cmr/m/n on input line 40.
LaTeX Font Info:    ... okay on input line 40.
LaTeX Font Info:    Checking defaults for OT1/cmr/m/n on input line 40.
LaTeX Font Info:    ... okay on input line 40.
LaTeX Font Info:    Checking defaults for OMS/cmsy/m/n on input line 40.
LaTeX Font Info:    ... okay on input line 40.
LaTeX Font Info:    Checking defaults for OMX/cmex/m/n on input line 40.
LaTeX Font Info:    ... okay on input line 40.
LaTeX Font Info:    Checking defaults for U/cmr/m/n on input line 40.
LaTeX Font Info:    ... okay on input line 40.
LaTeX Font Info:    Checking defaults for PD1/pdf/m/n on input line 40.
LaTeX Font Info:    ... okay on input line 40.
\c@lstlisting=\count111
\AtBeginShipoutBox=\box33
 ("C:\Program Files\MiKTeX 2.9\tex\latex\graphics\color.sty"
Package: color 2005/11/14 v1.0j Standard LaTeX Color (DPC)

("C:\Program Files\MiKTeX 2.9\tex\latex\00miktex\color.cfg"
File: color.cfg 2007/01/18 v1.5 color configuration of teTeX/TeXLive
)
Package color Info: Driver file: dvips.def on input line 130.

("C:\Program Files\MiKTeX 2.9\tex\latex\graphics\dvipsnam.def"
File: dvipsnam.def 1999/02/16 v3.0i Driver-dependant file (DPC,SPQR)
))
Package hyperref Info: Link coloring ON on input line 40.

("C:\Program Files\MiKTeX 2.9\tex\latex\hyperref\nameref.sty"
Package: nameref 2012/10/27 v2.43 Cross-referencing by name of section

("C:\Program Files\MiKTeX 2.9\tex\generic\oberdiek\gettitlestring.sty"
Package: gettitlestring 2010/12/03 v1.4 Cleanup title references (HO)
)
\c@section@level=\count112
)
LaTeX Info: Redefining \ref on input line 40.
LaTeX Info: Redefining \pageref on input line 40.
LaTeX Info: Redefining \nameref on input line 40.

(C:\Users\usuario\Documents\GitHub\JDataMotion\doc\mem\traballo.out)
(C:\Users\usuario\Documents\GitHub\JDataMotion\doc\mem\traballo.out)
\@outlinefile=\write3

(C:\Users\usuario\Documents\GitHub\JDataMotion\doc\mem\capitulos/titulo.tex
File: figuras/logo_usc.eps Graphic file (type eps)

<figuras/logo_usc.eps>
LaTeX Font Info:    Try loading font information for U+msa on input line 17.
 ("C:\Program Files\MiKTeX 2.9\tex\latex\amsfonts\umsa.fd"
File: umsa.fd 2013/01/14 v3.01 AMS symbols A
)
LaTeX Font Info:    Try loading font information for U+msb on input line 17.
 ("C:\Program Files\MiKTeX 2.9\tex\latex\amsfonts\umsb.fd"
File: umsb.fd 2013/01/14 v3.01 AMS symbols B
)
LaTeX Font Info:    Try loading font information for U+lasy on input line 17.

("C:\Program Files\MiKTeX 2.9\tex\latex\base\ulasy.fd"
File: ulasy.fd 1998/08/17 v2.2e LaTeX symbol font definitions
)) [1


] [2


]
(C:\Users\usuario\Documents\GitHub\JDataMotion\doc\mem\capitulos/certificacion.
tex
File: figuras/logo_usc.eps Graphic file (type eps)
 <figuras/logo_usc.eps>
Overfull \hbox (5.35016pt too wide) in paragraph at lines 6--7
[]\OT1/cmr/bx/n/12 D. Pau-lo Felix La-mas\OT1/cmr/m/n/12 , Pro-fe-sor do De-pa
r-ta-men-to de Electroni-ca e Compu-
 []

)

LaTeX Font Warning: Font shape `OT1/cmr/m/n' in size <13.13947> not available
(Font)              size <12> substituted on input line 43.


LaTeX Font Warning: Font shape `OT1/cmr/m/sc' in size <13.13947> not available
(Font)              size <12> substituted on input line 43.

! Undefined control sequence.
\MakeUppercase ...ppercaseUnsupportedInPdfStrings 
                                                  
l.43 \include{capitulos/certificacion}
                                       % paxina de certificaci√≥n (optativa)
The control sequence at the end of the top line
of your error message was never \def'ed. If you have
misspelled it (e.g., `\hobx'), type `I' and the correct
spelling (e.g., `I\hbox'). Otherwise just continue,
and I'll forget about whatever was undefined.


Package hyperref Warning: Token not allowed in a PDF string (PDFDocEncoding):
(hyperref)                removing `\<let>-command' on input line 43.


Package hyperref Warning: Token not allowed in a PDF string (PDFDocEncoding):
(hyperref)                removing `\@tempdima' on input line 43.


Package hyperref Warning: Token not allowed in a PDF string (PDFDocEncoding):
(hyperref)                removing `\divide' on input line 43.


Package hyperref Warning: Token not allowed in a PDF string (PDFDocEncoding):
(hyperref)                removing `\@tempdima' on input line 43.


Package hyperref Warning: Token not allowed in a PDF string (PDFDocEncoding):
(hyperref)                removing `\multiply' on input line 43.


Package hyperref Warning: Token not allowed in a PDF string (PDFDocEncoding):
(hyperref)                removing `\@tempdima' on input line 43.


Package hyperref Warning: Token not allowed in a PDF string (PDFDocEncoding):
(hyperref)                removing `\<def>-command' on input line 43.


Package hyperref Warning: Token not allowed in a PDF string (PDFDocEncoding):
(hyperref)                removing `\f@size' on input line 43.


Package hyperref Warning: Token not allowed in a PDF string (PDFDocEncoding):
(hyperref)                removing `\hbox' on input line 43.


Package hyperref Warning: Token not allowed in a PDF string (PDFDocEncoding):
(hyperref)                removing `\<def>-command' on input line 43.


Package hyperref Warning: Token not allowed in a PDF string (PDFDocEncoding):
(hyperref)                removing `\tf@size' on input line 43.


Package hyperref Warning: Token not allowed in a PDF string (PDFDocEncoding):
(hyperref)                removing `\<def>-command' on input line 43.


Package hyperref Warning: Token not allowed in a PDF string (PDFDocEncoding):
(hyperref)                removing `\sf@size' on input line 43.


Package hyperref Warning: Token not allowed in a PDF string (PDFDocEncoding):
(hyperref)                removing `\<def>-command' on input line 43.


Package hyperref Warning: Token not allowed in a PDF string (PDFDocEncoding):
(hyperref)                removing `\ssf@size' on input line 43.


Package hyperref Warning: Token not allowed in a PDF string (PDFDocEncoding):
(hyperref)                removing `\<let>-command' on input line 43.

[1

]
! Undefined control sequence.
\MakeUppercase ...ppercaseUnsupportedInPdfStrings 
                                                  
l.49 \cleardoublepage
                     
The control sequence at the end of the top line
of your error message was never \def'ed. If you have
misspelled it (e.g., `\hobx'), type `I' and the correct
spelling (e.g., `I\hbox'). Otherwise just continue,
and I'll forget about whatever was undefined.


Package hyperref Warning: Token not allowed in a PDF string (PDFDocEncoding):
(hyperref)                removing `\<let>-command' on input line 49.


Package hyperref Warning: Token not allowed in a PDF string (PDFDocEncoding):
(hyperref)                removing `\@tempdima' on input line 49.


Package hyperref Warning: Token not allowed in a PDF string (PDFDocEncoding):
(hyperref)                removing `\divide' on input line 49.


Package hyperref Warning: Token not allowed in a PDF string (PDFDocEncoding):
(hyperref)                removing `\@tempdima' on input line 49.


Package hyperref Warning: Token not allowed in a PDF string (PDFDocEncoding):
(hyperref)                removing `\multiply' on input line 49.


Package hyperref Warning: Token not allowed in a PDF string (PDFDocEncoding):
(hyperref)                removing `\@tempdima' on input line 49.


Package hyperref Warning: Token not allowed in a PDF string (PDFDocEncoding):
(hyperref)                removing `\<def>-command' on input line 49.


Package hyperref Warning: Token not allowed in a PDF string (PDFDocEncoding):
(hyperref)                removing `\f@size' on input line 49.


Package hyperref Warning: Token not allowed in a PDF string (PDFDocEncoding):
(hyperref)                removing `\hbox' on input line 49.


Package hyperref Warning: Token not allowed in a PDF string (PDFDocEncoding):
(hyperref)                removing `\<def>-command' on input line 49.


Package hyperref Warning: Token not allowed in a PDF string (PDFDocEncoding):
(hyperref)                removing `\tf@size' on input line 49.


Package hyperref Warning: Token not allowed in a PDF string (PDFDocEncoding):
(hyperref)                removing `\<def>-command' on input line 49.


Package hyperref Warning: Token not allowed in a PDF string (PDFDocEncoding):
(hyperref)                removing `\sf@size' on input line 49.


Package hyperref Warning: Token not allowed in a PDF string (PDFDocEncoding):
(hyperref)                removing `\<def>-command' on input line 49.


Package hyperref Warning: Token not allowed in a PDF string (PDFDocEncoding):
(hyperref)                removing `\ssf@size' on input line 49.


Package hyperref Warning: Token not allowed in a PDF string (PDFDocEncoding):
(hyperref)                removing `\<let>-command' on input line 49.

[2


] (C:\Users\usuario\Documents\GitHub\JDataMotion\doc\mem\traballo.toc
! Undefined control sequence.
\MakeUppercase ...ppercaseUnsupportedInPdfStrings 
                                                  
l.36 ...subsecci\IeC {\'o}n}{61}{subsection.5.1.2}
                                                  
The control sequence at the end of the top line
of your error message was never \def'ed. If you have
misspelled it (e.g., `\hobx'), type `I' and the correct
spelling (e.g., `I\hbox'). Otherwise just continue,
and I'll forget about whatever was undefined.


Package hyperref Warning: Token not allowed in a PDF string (PDFDocEncoding):
(hyperref)                removing `\<let>-command' on input line 36.


Package hyperref Warning: Token not allowed in a PDF string (PDFDocEncoding):
(hyperref)                removing `\@tempdima' on input line 36.


Package hyperref Warning: Token not allowed in a PDF string (PDFDocEncoding):
(hyperref)                removing `\divide' on input line 36.


Package hyperref Warning: Token not allowed in a PDF string (PDFDocEncoding):
(hyperref)                removing `\@tempdima' on input line 36.


Package hyperref Warning: Token not allowed in a PDF string (PDFDocEncoding):
(hyperref)                removing `\multiply' on input line 36.


Package hyperref Warning: Token not allowed in a PDF string (PDFDocEncoding):
(hyperref)                removing `\@tempdima' on input line 36.


Package hyperref Warning: Token not allowed in a PDF string (PDFDocEncoding):
(hyperref)                removing `\<def>-command' on input line 36.


Package hyperref Warning: Token not allowed in a PDF string (PDFDocEncoding):
(hyperref)                removing `\f@size' on input line 36.


Package hyperref Warning: Token not allowed in a PDF string (PDFDocEncoding):
(hyperref)                removing `\hbox' on input line 36.


Package hyperref Warning: Token not allowed in a PDF string (PDFDocEncoding):
(hyperref)                removing `\<def>-command' on input line 36.


Package hyperref Warning: Token not allowed in a PDF string (PDFDocEncoding):
(hyperref)                removing `\tf@size' on input line 36.


Package hyperref Warning: Token not allowed in a PDF string (PDFDocEncoding):
(hyperref)                removing `\<def>-command' on input line 36.


Package hyperref Warning: Token not allowed in a PDF string (PDFDocEncoding):
(hyperref)                removing `\sf@size' on input line 36.


Package hyperref Warning: Token not allowed in a PDF string (PDFDocEncoding):
(hyperref)                removing `\<def>-command' on input line 36.


Package hyperref Warning: Token not allowed in a PDF string (PDFDocEncoding):
(hyperref)                removing `\ssf@size' on input line 36.


Package hyperref Warning: Token not allowed in a PDF string (PDFDocEncoding):
(hyperref)                removing `\<let>-command' on input line 36.

[3

])
\tf@toc=\write4

! Undefined control sequence.
\MakeUppercase ...ppercaseUnsupportedInPdfStrings 
                                                  
l.54 \listoffigures
                   
The control sequence at the end of the top line
of your error message was never \def'ed. If you have
misspelled it (e.g., `\hobx'), type `I' and the correct
spelling (e.g., `I\hbox'). Otherwise just continue,
and I'll forget about whatever was undefined.


Package hyperref Warning: Token not allowed in a PDF string (PDFDocEncoding):
(hyperref)                removing `\<let>-command' on input line 54.


Package hyperref Warning: Token not allowed in a PDF string (PDFDocEncoding):
(hyperref)                removing `\@tempdima' on input line 54.


Package hyperref Warning: Token not allowed in a PDF string (PDFDocEncoding):
(hyperref)                removing `\divide' on input line 54.


Package hyperref Warning: Token not allowed in a PDF string (PDFDocEncoding):
(hyperref)                removing `\@tempdima' on input line 54.


Package hyperref Warning: Token not allowed in a PDF string (PDFDocEncoding):
(hyperref)                removing `\multiply' on input line 54.


Package hyperref Warning: Token not allowed in a PDF string (PDFDocEncoding):
(hyperref)                removing `\@tempdima' on input line 54.


Package hyperref Warning: Token not allowed in a PDF string (PDFDocEncoding):
(hyperref)                removing `\<def>-command' on input line 54.


Package hyperref Warning: Token not allowed in a PDF string (PDFDocEncoding):
(hyperref)                removing `\f@size' on input line 54.


Package hyperref Warning: Token not allowed in a PDF string (PDFDocEncoding):
(hyperref)                removing `\hbox' on input line 54.


Package hyperref Warning: Token not allowed in a PDF string (PDFDocEncoding):
(hyperref)                removing `\<def>-command' on input line 54.


Package hyperref Warning: Token not allowed in a PDF string (PDFDocEncoding):
(hyperref)                removing `\tf@size' on input line 54.


Package hyperref Warning: Token not allowed in a PDF string (PDFDocEncoding):
(hyperref)                removing `\<def>-command' on input line 54.


Package hyperref Warning: Token not allowed in a PDF string (PDFDocEncoding):
(hyperref)                removing `\sf@size' on input line 54.


Package hyperref Warning: Token not allowed in a PDF string (PDFDocEncoding):
(hyperref)                removing `\<def>-command' on input line 54.


Package hyperref Warning: Token not allowed in a PDF string (PDFDocEncoding):
(hyperref)                removing `\ssf@size' on input line 54.


Package hyperref Warning: Token not allowed in a PDF string (PDFDocEncoding):
(hyperref)                removing `\<let>-command' on input line 54.

[4] (C:\Users\usuario\Documents\GitHub\JDataMotion\doc\mem\traballo.lof)
\tf@lof=\write5

! Undefined control sequence.
\MakeUppercase ...ppercaseUnsupportedInPdfStrings 
                                                  
l.57 \cleardoublepage
                     
The control sequence at the end of the top line
of your error message was never \def'ed. If you have
misspelled it (e.g., `\hobx'), type `I' and the correct
spelling (e.g., `I\hbox'). Otherwise just continue,
and I'll forget about whatever was undefined.


Package hyperref Warning: Token not allowed in a PDF string (PDFDocEncoding):
(hyperref)                removing `\<let>-command' on input line 57.


Package hyperref Warning: Token not allowed in a PDF string (PDFDocEncoding):
(hyperref)                removing `\@tempdima' on input line 57.


Package hyperref Warning: Token not allowed in a PDF string (PDFDocEncoding):
(hyperref)                removing `\divide' on input line 57.


Package hyperref Warning: Token not allowed in a PDF string (PDFDocEncoding):
(hyperref)                removing `\@tempdima' on input line 57.


Package hyperref Warning: Token not allowed in a PDF string (PDFDocEncoding):
(hyperref)                removing `\multiply' on input line 57.


Package hyperref Warning: Token not allowed in a PDF string (PDFDocEncoding):
(hyperref)                removing `\@tempdima' on input line 57.


Package hyperref Warning: Token not allowed in a PDF string (PDFDocEncoding):
(hyperref)                removing `\<def>-command' on input line 57.


Package hyperref Warning: Token not allowed in a PDF string (PDFDocEncoding):
(hyperref)                removing `\f@size' on input line 57.


Package hyperref Warning: Token not allowed in a PDF string (PDFDocEncoding):
(hyperref)                removing `\hbox' on input line 57.


Package hyperref Warning: Token not allowed in a PDF string (PDFDocEncoding):
(hyperref)                removing `\<def>-command' on input line 57.


Package hyperref Warning: Token not allowed in a PDF string (PDFDocEncoding):
(hyperref)                removing `\tf@size' on input line 57.


Package hyperref Warning: Token not allowed in a PDF string (PDFDocEncoding):
(hyperref)                removing `\<def>-command' on input line 57.


Package hyperref Warning: Token not allowed in a PDF string (PDFDocEncoding):
(hyperref)                removing `\sf@size' on input line 57.


Package hyperref Warning: Token not allowed in a PDF string (PDFDocEncoding):
(hyperref)                removing `\<def>-command' on input line 57.


Package hyperref Warning: Token not allowed in a PDF string (PDFDocEncoding):
(hyperref)                removing `\ssf@size' on input line 57.


Package hyperref Warning: Token not allowed in a PDF string (PDFDocEncoding):
(hyperref)                removing `\<let>-command' on input line 57.

[5

]
! Undefined control sequence.
\MakeUppercase ...ppercaseUnsupportedInPdfStrings 
                                                  
l.57 \cleardoublepage
                     
The control sequence at the end of the top line
of your error message was never \def'ed. If you have
misspelled it (e.g., `\hobx'), type `I' and the correct
spelling (e.g., `I\hbox'). Otherwise just continue,
and I'll forget about whatever was undefined.


Package hyperref Warning: Token not allowed in a PDF string (PDFDocEncoding):
(hyperref)                removing `\<let>-command' on input line 57.


Package hyperref Warning: Token not allowed in a PDF string (PDFDocEncoding):
(hyperref)                removing `\@tempdima' on input line 57.


Package hyperref Warning: Token not allowed in a PDF string (PDFDocEncoding):
(hyperref)                removing `\divide' on input line 57.


Package hyperref Warning: Token not allowed in a PDF string (PDFDocEncoding):
(hyperref)                removing `\@tempdima' on input line 57.


Package hyperref Warning: Token not allowed in a PDF string (PDFDocEncoding):
(hyperref)                removing `\multiply' on input line 57.


Package hyperref Warning: Token not allowed in a PDF string (PDFDocEncoding):
(hyperref)                removing `\@tempdima' on input line 57.


Package hyperref Warning: Token not allowed in a PDF string (PDFDocEncoding):
(hyperref)                removing `\<def>-command' on input line 57.


Package hyperref Warning: Token not allowed in a PDF string (PDFDocEncoding):
(hyperref)                removing `\f@size' on input line 57.


Package hyperref Warning: Token not allowed in a PDF string (PDFDocEncoding):
(hyperref)                removing `\hbox' on input line 57.


Package hyperref Warning: Token not allowed in a PDF string (PDFDocEncoding):
(hyperref)                removing `\<def>-command' on input line 57.


Package hyperref Warning: Token not allowed in a PDF string (PDFDocEncoding):
(hyperref)                removing `\tf@size' on input line 57.


Package hyperref Warning: Token not allowed in a PDF string (PDFDocEncoding):
(hyperref)                removing `\<def>-command' on input line 57.


Package hyperref Warning: Token not allowed in a PDF string (PDFDocEncoding):
(hyperref)                removing `\sf@size' on input line 57.


Package hyperref Warning: Token not allowed in a PDF string (PDFDocEncoding):
(hyperref)                removing `\<def>-command' on input line 57.


Package hyperref Warning: Token not allowed in a PDF string (PDFDocEncoding):
(hyperref)                removing `\ssf@size' on input line 57.


Package hyperref Warning: Token not allowed in a PDF string (PDFDocEncoding):
(hyperref)                removing `\<let>-command' on input line 57.

[6

]
(C:\Users\usuario\Documents\GitHub\JDataMotion\doc\mem\capitulos/introducion.te
x
Cap\'{\i }tulo 1.
[1


] [2]) [3] [4


]
(C:\Users\usuario\Documents\GitHub\JDataMotion\doc\mem\capitulos/cap2.tex
Cap\'{\i }tulo 2.
[5


] [6]
Overfull \hbox (0.41412pt too wide) in paragraph at lines 47--48
[]\OT1/cmr/m/n/12 Desenvolverase a reunion co ti-tor dis-po~nible,
 []

[7] [8] [9] [10] [11]

! Package inputenc Error: Unicode char \u8:‚Ç¨ not set up for use with LaTeX.

See the inputenc package documentation for explanation.
Type  H <return>  for immediate help.
 ...                                              
                                                  
l.144 ...or de software en Espa√±a √© de 26740 ‚Ç¨
                                                  /ano. Se un ano ten 249 d√...

Your command was ignored.
Type  I <command> <return>  to replace it with another command,
or  <return>  to continue without it.

) [12]
(C:\Users\usuario\Documents\GitHub\JDataMotion\doc\mem\capitulos/cap3.tex
Cap\'{\i }tulo 3.
[13




]
File: figuras/casosUso.eps Graphic file (type eps)
 <figuras/casosUso.eps>
Underfull \vbox (badness 10000) has occurred while \output is active []

 [14]
! Undefined control sequence.
l.40 \subsubsubsection
                      {Importancia}
The control sequence at the end of the top line
of your error message was never \def'ed. If you have
misspelled it (e.g., `\hobx'), type `I' and the correct
spelling (e.g., `I\hbox'). Otherwise just continue,
and I'll forget about whatever was undefined.

[15] [16] [17] [18] [19] [20] [21] [22] [23] [24] [25] [26] [27] [28]
LaTeX Font Info:    Try loading font information for OMS+cmr on input line 528.


("C:\Program Files\MiKTeX 2.9\tex\latex\base\omscmr.fd"
File: omscmr.fd 1999/05/25 v2.5h Standard LaTeX font definitions
)
LaTeX Font Info:    Font shape `OMS/cmr/m/n' in size <12> not available
(Font)              Font shape `OMS/cmsy/m/n' tried instead on input line 528.
 [29]
File: figuras/gantt.eps Graphic file (type eps)

<figuras/gantt.eps>
File: figuras/edt.eps Graphic file (type eps)
 <figuras/edt.eps>
Underfull \vbox (badness 10000) has occurred while \output is active []

 [30]
[31]
! Undefined control sequence.
l.576 \subsubsubsection
                       {UML}
The control sequence at the end of the top line
of your error message was never \def'ed. If you have
misspelled it (e.g., `\hobx'), type `I' and the correct
spelling (e.g., `I\hbox'). Otherwise just continue,
and I'll forget about whatever was undefined.

[32]
Overfull \hbox (0.82791pt too wide) in paragraph at lines 583--584
[]\OT1/cmr/m/n/12 Estes dia-gra-mas plas-man a in-ter-ac-cion en-tre os com-
 []

! Undefined control sequence.
l.590 \subsubsubsection
                       {Java}
The control sequence at the end of the top line
of your error message was never \def'ed. If you have
misspelled it (e.g., `\hobx'), type `I' and the correct
spelling (e.g., `I\hbox'). Otherwise just continue,
and I'll forget about whatever was undefined.

! Undefined control sequence.
l.605 \subsubsubsection
                       {JFreeChart}
The control sequence at the end of the top line
of your error message was never \def'ed. If you have
misspelled it (e.g., `\hobx'), type `I' and the correct
spelling (e.g., `I\hbox'). Otherwise just continue,
and I'll forget about whatever was undefined.

[33] [34]
! Undefined control sequence.
l.633 \subsubsubsection
                       {JCommon}
The control sequence at the end of the top line
of your error message was never \def'ed. If you have
misspelled it (e.g., `\hobx'), type `I' and the correct
spelling (e.g., `I\hbox'). Otherwise just continue,
and I'll forget about whatever was undefined.

! Undefined control sequence.
l.637 \subsubsubsection
                       {Formatos de arquivo}
The control sequence at the end of the top line
of your error message was never \def'ed. If you have
misspelled it (e.g., `\hobx'), type `I' and the correct
spelling (e.g., `I\hbox'). Otherwise just continue,
and I'll forget about whatever was undefined.


! LaTeX Error: Lonely \item--perhaps a missing list environment.

See the LaTeX manual or LaTeX Companion for explanation.
Type  H <return>  for immediate help.
 ...                                              
                                                  
l.643 O formato arff \bibitem{arff}
                                    √© un formato de arquivo que cont√©n a m...

Try typing  <return>  to proceed.
If that doesn't work, type  X <return>  to quit.


Underfull \hbox (badness 10000) detected at line 643
[][]
 []

! Undefined control sequence.
<argument> \@listctr 
                     
l.643 O formato arff \bibitem{arff}
                                    √© un formato de arquivo que cont√©n a m...
The control sequence at the end of the top line
of your error message was never \def'ed. If you have
misspelled it (e.g., `\hobx'), type `I' and the correct
spelling (e.g., `I\hbox'). Otherwise just continue,
and I'll forget about whatever was undefined.

! You can't use `\relax' after \the.
<recently read> \c@ 
                    
l.643 O formato arff \bibitem{arff}
                                    √© un formato de arquivo que cont√©n a m...
I'm forgetting what you said and using zero instead.

! Undefined control sequence.
<argument> @RELATION \textlessnome 
                                   da relaci√≥n\textgreater 
l.646 ...N \textlessnome da relaci√≥n\textgreater]
                                                   s√≥ unha vez en cada arqu...
The control sequence at the end of the top line
of your error message was never \def'ed. If you have
misspelled it (e.g., `\hobx'), type `I' and the correct
spelling (e.g., `I\hbox'). Otherwise just continue,
and I'll forget about whatever was undefined.

LaTeX Font Info:    Try loading font information for OML+cmr on input line 646.

("C:\Program Files\MiKTeX 2.9\tex\latex\base\omlcmr.fd"
File: omlcmr.fd 1999/05/25 v2.5h Standard LaTeX font definitions
)
LaTeX Font Info:    Font shape `OML/cmr/bx/n' in size <12> not available
(Font)              Font shape `OML/cmm/b/it' tried instead on input line 646.

! Undefined control sequence.
<argument> @ATTRIBUTE \textlessnome 
                                    dun atributo\textgreater \textlesstipo d...
l.647 ...er \textlesstipo do atributo\textgreater]
                                                   incluirase unha entrada c...
The control sequence at the end of the top line
of your error message was never \def'ed. If you have
misspelled it (e.g., `\hobx'), type `I' and the correct
spelling (e.g., `I\hbox'). Otherwise just continue,
and I'll forget about whatever was undefined.

! Undefined control sequence.
<argument> ... atributo\textgreater \textlesstipo 
                                                  do atributo\textgreater 
l.647 ...er \textlesstipo do atributo\textgreater]
                                                   incluirase unha entrada c...
The control sequence at the end of the top line
of your error message was never \def'ed. If you have
misspelled it (e.g., `\hobx'), type `I' and the correct
spelling (e.g., `I\hbox'). Otherwise just continue,
and I'll forget about whatever was undefined.

LaTeX Font Info:    Font shape `OML/cmr/m/n' in size <12> not available
(Font)              Font shape `OML/cmm/m/it' tried instead on input line 650.
[35]
LaTeX Font Info:    Font shape `OMS/cmr/bx/n' in size <12> not available
(Font)              Font shape `OMS/cmsy/b/n' tried instead on input line 654.

Overfull \hbox (19.05588pt too wide) in paragraph at lines 654--655
[]\OT1/cmr/m/n/12 despois de po~ner
 []


Overfull \hbox (7.07532pt too wide) in paragraph at lines 655--656
[]\OT1/cmr/m/n/12 os co-men-ta-rios co-me-zan co smbo-lo '%' e abran-
 []

! Undefined control sequence.
l.658 \subsubsubsection
                       {Weka}
The control sequence at the end of the top line
of your error message was never \def'ed. If you have
misspelled it (e.g., `\hobx'), type `I' and the correct
spelling (e.g., `I\hbox'). Otherwise just continue,
and I'll forget about whatever was undefined.

File: figuras/weka.eps Graphic file (type eps)
<figuras/weka.eps>
File: figuras/wekaDiagramas.eps Graphic file (type eps)
 <figuras/wekaDiagramas.eps>
! Undefined control sequence.
l.680 \subsubsubsection
                       {Swing}
The control sequence at the end of the top line
of your error message was never \def'ed. If you have
misspelled it (e.g., `\hobx'), type `I' and the correct
spelling (e.g., `I\hbox'). Otherwise just continue,
and I'll forget about whatever was undefined.

! Undefined control sequence.
l.684 \subsubsubsection
                       {Lumzy}
The control sequence at the end of the top line
of your error message was never \def'ed. If you have
misspelled it (e.g., `\hobx'), type `I' and the correct
spelling (e.g., `I\hbox'). Otherwise just continue,
and I'll forget about whatever was undefined.

[36] [37]
! Undefined control sequence.
l.688 \subsubsubsection
                       {NetBeans IDE}
The control sequence at the end of the top line
of your error message was never \def'ed. If you have
misspelled it (e.g., `\hobx'), type `I' and the correct
spelling (e.g., `I\hbox'). Otherwise just continue,
and I'll forget about whatever was undefined.

! Undefined control sequence.
l.696 \subsubsubsection
                       {JUnit}
The control sequence at the end of the top line
of your error message was never \def'ed. If you have
misspelled it (e.g., `\hobx'), type `I' and the correct
spelling (e.g., `I\hbox'). Otherwise just continue,
and I'll forget about whatever was undefined.

) [38]
(C:\Users\usuario\Documents\GitHub\JDataMotion\doc\mem\capitulos/cap4.tex
Cap\'{\i }tulo 4.
[39




]
File: figuras/disenhoGlobal.eps Graphic file (type eps)
 <figuras/disenhoGlobal.eps> [40]
File: figuras/MVC.eps Graphic file (type eps)
 <figuras/MVC.eps> [41] [42]
File: figuras/MVC-observer.eps Graphic file (type eps)

<figuras/MVC-observer.eps>
Underfull \vbox (badness 10000) has occurred while \output is active []

 [43]
Overfull \hbox (0.53592pt too wide) in paragraph at lines 96--97
[]\OT1/cmr/m/n/12 O Mo-de-lo tamen al-ma-ce-na ou-tros da-tos mais dis-cre-to
s acer-
 []

File: figuras/UMLModelo.eps Graphic file (type eps)
<figuras/UMLModelo.eps> [44] [45]
Underfull \vbox (badness 10000) has occurred while \output is active []

 [46]
File: figuras/UMLcontrolador.eps Graphic file (type eps)

<figuras/UMLcontrolador.eps> [47]
File: figuras/manexarEvento.eps Graphic file (type eps)
 <figuras/manexarEvento.eps> [48]
File: figuras/DScomandos.eps Graphic file (type eps)

<figuras/DScomandos.eps>
File: figuras/xerarquiaComandos.eps Graphic file (type eps)
 <figuras/xerarquiaComandos.eps> [49]
File: figuras/desfacerRefacer.eps Graphic file (type eps)

<figuras/desfacerRefacer.eps>
Underfull \vbox (badness 2529) has occurred while \output is active []

 [50]

LaTeX Warning: Reference `UMLvista' on page 51 undefined on input line 194.

[51]
File: figuras/Modelo.eps Graphic file (type eps)
 <figuras/Modelo.eps>
File: figuras/Filtros.eps Graphic file (type eps)
 <figuras/Filtros.eps>
File: figuras/Visualizacion.eps Graphic file (type eps)
 <figuras/Visualizacion.eps>
[52] [53] [54]
Overfull \hbox (62.45pt too wide) in paragraph at lines 285--286
[]\OT1/cmr/m/n/12 Enva ao Con-tro-la-dor un even-to de ti-po ELI-MI-NAR[]ATRI
BUTO,
 []

[55] [56] [57]
Overfull \hbox (12.1863pt too wide) in paragraph at lines 397--399
\OT1/cmr/m/n/12 Enva ao Con-tro-la-dor un even-to de ti-po MU-DAR[]INDICE[]TE
MPORAL,
 []


Overfull \hbox (29.1401pt too wide) in paragraph at lines 406--408
[]
 []


Underfull \hbox (badness 10000) in paragraph at lines 406--408

 []

[58]
Overfull \hbox (1.42635pt too wide) in paragraph at lines 448--450
\OT1/cmr/m/n/12 Permite mo-ver-se a dis-tin-tos pun-tos da re-pro-du-cion, cha
-man-do ao meto-
 []

[59]
Overfull \hbox (29.1401pt too wide) in paragraph at lines 472--474
[]
 []


Underfull \hbox (badness 10000) in paragraph at lines 472--474

 []

[60]

LaTeX Warning: Reference `DSarranque' on page 61 undefined on input line 493.

File: figuras/DSarranque.eps Graphic file (type eps)
<figuras/DSarranque.eps>) [61] [62


]
(C:\Users\usuario\Documents\GitHub\JDataMotion\doc\mem\capitulos/conclusions.te
x
Cap\'{\i }tulo 5.
) [63


] [64


]
(C:\Users\usuario\Documents\GitHub\JDataMotion\doc\mem\capitulos/apendicea.tex
Ap\'endice A.
) [65


] [66


]
(C:\Users\usuario\Documents\GitHub\JDataMotion\doc\mem\capitulos/apendiceb.tex
Ap\'endice B.
) [67


] [68


]
(C:\Users\usuario\Documents\GitHub\JDataMotion\doc\mem\capitulos/licenza.tex
Ap\'endice C.
) [69


] [70


]
(C:\Users\usuario\Documents\GitHub\JDataMotion\doc\mem\capitulos/bibliografia.t
ex
Underfull \hbox (badness 10000) in paragraph at lines 11--12
\OT1/cmr/m/n/12 en \OT1/cmr/m/it/12 http://www.cs.waikato.ac.nz/ml/weka/arff.ht
ml \OT1/cmr/m/n/12 [[]Ulti-ma con-sul-ta:
 []


Underfull \hbox (badness 10000) in paragraph at lines 15--16
[]\OT1/cmr/m/n/12 Tarifasgasluz. Pre-cio del kWh en Es-pa~na. Si-tio web
 []


Overfull \hbox (18.56754pt too wide) in paragraph at lines 15--16
\OT1/cmr/m/it/12 http://www.endesaonline.com/es/empresas/dual/empresas/4/precio
s/index.asp
 []


Underfull \hbox (badness 10000) in paragraph at lines 17--18
[]\OT1/cmr/m/n/12 Electricity usa-ge of a Lap-top or No-te-bo-ok. Si-tio web
 []


Underfull \hbox (badness 10000) in paragraph at lines 17--18
\OT1/cmr/m/it/12 http://energyusecalculator.com/electricity[]laptop.htm \OT1/cm
r/m/n/12 [[]Ulti-ma con-sul-ta:
 []

) [71


] [72


]
(C:\Users\usuario\Documents\GitHub\JDataMotion\doc\mem\capitulos/glosario.tex
[73


]) [74]
Package atveryend Info: Empty hook `BeforeClearDocument' on input line 89.
Package atveryend Info: Empty hook `AfterLastShipout' on input line 89.
 (C:\Users\usuario\Documents\GitHub\JDataMotion\doc\mem\traballo.aux
(C:\Users\usuario\Documents\GitHub\JDataMotion\doc\mem\capitulos/titulo.aux)
(C:\Users\usuario\Documents\GitHub\JDataMotion\doc\mem\capitulos/certificacion.
aux)
(C:\Users\usuario\Documents\GitHub\JDataMotion\doc\mem\capitulos/introducion.au
x) (C:\Users\usuario\Documents\GitHub\JDataMotion\doc\mem\capitulos/cap2.aux)
(C:\Users\usuario\Documents\GitHub\JDataMotion\doc\mem\capitulos/cap3.aux)
(C:\Users\usuario\Documents\GitHub\JDataMotion\doc\mem\capitulos/cap4.aux)
(C:\Users\usuario\Documents\GitHub\JDataMotion\doc\mem\capitulos/conclusions.au
x)
(C:\Users\usuario\Documents\GitHub\JDataMotion\doc\mem\capitulos/apendicea.aux)
(C:\Users\usuario\Documents\GitHub\JDataMotion\doc\mem\capitulos/apendiceb.aux)
(C:\Users\usuario\Documents\GitHub\JDataMotion\doc\mem\capitulos/licenza.aux)
(C:\Users\usuario\Documents\GitHub\JDataMotion\doc\mem\capitulos/bibliografia.a
ux)
(C:\Users\usuario\Documents\GitHub\JDataMotion\doc\mem\capitulos/glosario.aux))
Package atveryend Info: Empty hook `AtVeryEndDocument' on input line 89.
Package atveryend Info: Executing hook `AtEndAfterFileList' on input line 89.

Package rerunfilecheck Warning: File `traballo.out' has changed.
(rerunfilecheck)                Rerun to get outlines right
(rerunfilecheck)                or use package `bookmark'.

Package rerunfilecheck Info: Checksums for `traballo.out':
(rerunfilecheck)             Before: 54937BDEA8F6F59FB893C69A6A896CA4;3350
(rerunfilecheck)             After:  38A8C3AAD59A74D37AE790BEABB79F90;2631.

LaTeX Font Warning: Size substitutions with differences
(Font)              up to 1.13947pt have occurred.


LaTeX Warning: There were undefined references.


LaTeX Warning: There were multiply-defined labels.

Package atveryend Info: Empty hook `AtVeryVeryEnd' on input line 89.
 ) 
Here is how much of TeX's memory you used:
 8037 strings out of 493922
 120589 string characters out of 3147299
 211249 words of memory out of 3000000
 11110 multiletter control sequences out of 15000+200000
 13111 words of font info for 50 fonts, out of 3000000 for 9000
 842 hyphenation exceptions out of 8191
 30i,9n,32p,1214b,565s stack positions out of 5000i,500n,10000p,200000b,50000s

Output written on traballo.dvi (82 pages, 265180 bytes).
