\BOOKMARK [0][-]{chapter.1}{Introduci\363n}{}% 1
\BOOKMARK [1][-]{section.1.1}{Obxectivos xerais}{chapter.1}% 2
\BOOKMARK [1][-]{section.1.2}{Relaci\363n da documentaci\363n}{chapter.1}% 3
\BOOKMARK [0][-]{chapter.2}{Xesti\363n do proxecto}{}% 4
\BOOKMARK [1][-]{section.2.1}{Xesti\363n de riscos}{chapter.2}% 5
\BOOKMARK [1][-]{section.2.2}{Metodolox\355a de desenvolvemento}{chapter.2}% 6
\BOOKMARK [1][-]{section.2.3}{Planificaci\363n temporal}{chapter.2}% 7
\BOOKMARK [1][-]{section.2.4}{Xesti\363n da configuraci\363n}{chapter.2}% 8
\BOOKMARK [1][-]{section.2.5}{An\341lise de custos}{chapter.2}% 9
\BOOKMARK [0][-]{chapter.3}{An\341lise}{}% 10
\BOOKMARK [1][-]{section.3.1}{An\341lise de requisitos}{chapter.3}% 11
\BOOKMARK [2][-]{subsection.3.1.1}{Requisitos funcionais}{section.3.1}% 12
\BOOKMARK [2][-]{subsection.3.1.2}{Requisitos de calidade}{section.3.1}% 13
\BOOKMARK [2][-]{subsection.3.1.3}{Requisitos de dese\361o}{section.3.1}% 14
\BOOKMARK [2][-]{subsection.3.1.4}{Requisitos non funcionais}{section.3.1}% 15
\BOOKMARK [2][-]{subsection.3.1.5}{RFs dos sprints}{section.3.1}% 16
\BOOKMARK [1][-]{section.3.2}{An\341lise de tecnolox\355as}{chapter.3}% 17
\BOOKMARK [2][-]{subsection.3.2.1}{Arquitectura}{section.3.2}% 18
\BOOKMARK [2][-]{subsection.3.2.2}{Tecnolox\355as}{section.3.2}% 19
\BOOKMARK [3][-]{subsubsection.3.2.2.1}{Ferramentas de dese\361o}{subsection.3.2.2}% 20
\BOOKMARK [3][-]{subsubsection.3.2.2.2}{Ferramentas de desenvolvemento}{subsection.3.2.2}% 21
\BOOKMARK [3][-]{subsubsection.3.2.2.3}{Ferramentas de validaci\363n}{subsection.3.2.2}% 22
\BOOKMARK [0][-]{chapter.4}{Dese\361o}{}% 23
\BOOKMARK [1][-]{section.4.1}{Dese\361o global}{chapter.4}% 24
\BOOKMARK [1][-]{section.4.2}{Dese\361o de JDataMotion}{chapter.4}% 25
\BOOKMARK [2][-]{subsection.4.2.1}{Modelo}{section.4.2}% 26
\BOOKMARK [2][-]{subsection.4.2.2}{Controlador}{section.4.2}% 27
\BOOKMARK [2][-]{subsection.4.2.3}{Vista}{section.4.2}% 28
\BOOKMARK [3][-]{subsubsection.4.2.3.1}{Dese\361o da interface gr\341fica}{subsection.4.2.3}% 29
\BOOKMARK [1][-]{section.4.3}{Dese\361o de JDataMotion.common}{chapter.4}% 30
\BOOKMARK [1][-]{section.4.4}{Dese\361o de JDataMotion.filters.sample}{chapter.4}% 31
\BOOKMARK [0][-]{chapter.5}{Exemplos}{}% 32
\BOOKMARK [1][-]{section.5.1}{Un exemplo de secci\363n}{chapter.5}% 33
\BOOKMARK [2][-]{subsection.5.1.1}{Un exemplo de subsecci\363n}{section.5.1}% 34
\BOOKMARK [2][-]{subsection.5.1.2}{Otro exemplo de subsecci\363n}{section.5.1}% 35
\BOOKMARK [3][-]{subsubsection.5.1.2.1}{Un exemplo de subsubsecci\363n}{subsection.5.1.2}% 36
\BOOKMARK [3][-]{subsubsection.5.1.2.2}{Un exemplo de subsubsecci\363n}{subsection.5.1.2}% 37
\BOOKMARK [3][-]{subsubsection.5.1.2.3}{Un exemplo de subsubsecci\363n}{subsection.5.1.2}% 38
\BOOKMARK [1][-]{section.5.2}{Exemplos de figuras e cadros}{chapter.5}% 39
\BOOKMARK [1][-]{section.5.3}{Exemplos de referencias \341 bibliograf\355a}{chapter.5}% 40
\BOOKMARK [1][-]{section.5.4}{Exemplos de enumeraci\363ns}{chapter.5}% 41
\BOOKMARK [0][-]{chapter.6}{Conclusi\363ns e posibles ampliaci\363ns}{}% 42
\BOOKMARK [0][-]{appendix.Alph1}{Manuais t\351cnicos}{}% 43
\BOOKMARK [0][-]{appendix.Alph2}{Manuais de usuario}{}% 44
\BOOKMARK [0][-]{appendix.Alph3}{Licenza}{}% 45
\BOOKMARK [0][-]{appendix.Alph3}{Bibliograf\355a}{}% 46
